{
  "stats": {
    "suites": 1,
    "tests": 3,
    "passes": 2,
    "pending": 0,
    "failures": 1,
    "start": "2020-12-26T14:04:52.349Z",
    "end": "2020-12-26T14:05:01.556Z",
    "duration": 9207,
    "testsRegistered": 3,
    "passPercent": 66.66666666666666,
    "pendingPercent": 0,
    "other": 0,
    "hasOther": false,
    "skipped": 0,
    "hasSkipped": false
  },
  "results": [
    {
      "uuid": "afa584e8-f0c8-4e1b-9034-2be73a81969b",
      "title": "",
      "fullFile": "cypress/integration/examples/IdentifyElements.spec.js",
      "file": "cypress/integration/examples/IdentifyElements.spec.js",
      "beforeHooks": [],
      "afterHooks": [],
      "tests": [],
      "suites": [
        {
          "uuid": "3ad27453-ff96-43e5-b5c9-7b67fadf38fd",
          "title": "Create and mark-unmark as favorite",
          "fullFile": "",
          "file": "",
          "beforeHooks": [],
          "afterHooks": [],
          "tests": [
            {
              "title": "Sign in",
              "fullTitle": "Create and mark-unmark as favorite Sign in",
              "timedOut": null,
              "duration": 2921,
              "state": "passed",
              "speed": "slow",
              "pass": true,
              "fail": false,
              "pending": false,
              "context": null,
              "code": "cy.visit('https://react-redux.realworld.io/#/login');\ncy.title().should('eq', 'Conduit');\ncy.location('protocol').should('eq', 'https:');\ncy.get('form').within(function ($form) {\n  // cy.get() will only search for elements within form, not within the entire document\n  cy.get('input[type = \"email\"]').type('farukakyol3480@gmail.com');\n  cy.get('input[type = \"password\"]').type('admin123');\n  cy.root().submit(); // submits the form yielded from 'within'\n});\ncy.contains('Your Feed', {\n  timeout: 10000\n}).should('be.visible');",
              "err": {},
              "uuid": "b94828bd-0e8a-461a-bcd1-60f682e4c5cc",
              "parentUUID": "3ad27453-ff96-43e5-b5c9-7b67fadf38fd",
              "isHook": false,
              "skipped": false
            },
            {
              "title": "Create a post",
              "fullTitle": "Create and mark-unmark as favorite Create a post",
              "timedOut": null,
              "duration": 1932,
              "state": "passed",
              "speed": "slow",
              "pass": true,
              "fail": false,
              "pending": false,
              "context": null,
              "code": "cy.get('ul.navbar-nav').children().contains('New Post').click();\ncy.hash().should('include', '#/editor');\ncy.get('form').within(function ($form) {\n  cy.get('input').first().type('Test');\n  cy.get('input').eq(1).type('Test 1');\n  cy.get('textarea').last().type('Test 2');\n  cy.contains('Publish Article').click();\n});\ncy.url().should('include', 'article');",
              "err": {},
              "uuid": "6cf88350-9bec-4f16-b65e-75a72610ce26",
              "parentUUID": "3ad27453-ff96-43e5-b5c9-7b67fadf38fd",
              "isHook": false,
              "skipped": false
            },
            {
              "title": "Mark-unmark as favorite",
              "fullTitle": "Create and mark-unmark as favorite Mark-unmark as favorite",
              "timedOut": null,
              "duration": 4280,
              "state": "failed",
              "speed": null,
              "pass": false,
              "fail": true,
              "pending": false,
              "context": null,
              "code": "cy.get('ul.navbar-nav').children().contains('QAMs').click();\ncy.contains('My Articles').should('be.visible');\ncy.get('.ion-heart').first().click();\ncy.contains('Favorited Articles').click();\ncy.url().should('include', 'favorites');\ncy.get('.ion-heart').first().click();\ncy.reload();\ncy.contains('No articles are here... yet.').should('be.visible');\ncy.go('back');",
              "err": {
                "message": "AssertionError: Timed out retrying after 4000ms: Expected to find content: 'QAMs' within the element: [ <li.nav-item>, 3 more... ] but never did.",
                "estack": "AssertionError: Timed out retrying after 4000ms: Expected to find content: 'QAMs' within the element: [ <li.nav-item>, 3 more... ] but never did.\n    at Context.eval (https://react-redux.realworld.io/__cypress/tests?p=cypress/integration/examples/IdentifyElements.spec.js:128:40)",
                "diff": null
              },
              "uuid": "ab1a3c1b-dfbe-4da4-8d64-8ed5d96b3b5f",
              "parentUUID": "3ad27453-ff96-43e5-b5c9-7b67fadf38fd",
              "isHook": false,
              "skipped": false
            }
          ],
          "suites": [],
          "passes": [
            "b94828bd-0e8a-461a-bcd1-60f682e4c5cc",
            "6cf88350-9bec-4f16-b65e-75a72610ce26"
          ],
          "failures": [
            "ab1a3c1b-dfbe-4da4-8d64-8ed5d96b3b5f"
          ],
          "pending": [],
          "skipped": [],
          "duration": 9133,
          "root": false,
          "rootEmpty": false,
          "_timeout": 2000
        }
      ],
      "passes": [],
      "failures": [],
      "pending": [],
      "skipped": [],
      "duration": 0,
      "root": true,
      "rootEmpty": true,
      "_timeout": 2000
    }
  ],
  "meta": {
    "mocha": {
      "version": "7.0.1"
    },
    "mochawesome": {
      "options": {
        "quiet": false,
        "reportFilename": "mochawesome",
        "saveHtml": false,
        "saveJson": true,
        "consoleReporter": "spec",
        "useInlineDiffs": false,
        "code": true
      },
      "version": "6.2.1"
    },
    "marge": {
      "options": {
        "id": "default",
        "reportDir": "cypress/reports/mocha",
        "quite": true,
        "overwrite": false,
        "html": false,
        "json": true
      },
      "version": "5.1.0"
    }
  }
}