{
  "stats": {
    "suites": 1,
    "tests": 1,
    "passes": 0,
    "pending": 0,
    "failures": 1,
    "start": "2020-12-26T14:03:53.580Z",
    "end": "2020-12-26T14:03:53.950Z",
    "duration": 370,
    "testsRegistered": 1,
    "passPercent": 0,
    "pendingPercent": 0,
    "other": 0,
    "hasOther": false,
    "skipped": 0,
    "hasSkipped": false
  },
  "results": [
    {
      "uuid": "d6d6281c-05ac-46bb-a86c-c6d91caa38f0",
      "title": "",
      "fullFile": "cypress/integration/examples/Aliases.spec.js",
      "file": "cypress/integration/examples/Aliases.spec.js",
      "beforeHooks": [],
      "afterHooks": [],
      "tests": [],
      "suites": [
        {
          "uuid": "82ed3932-7b47-4f0b-9d4a-76c9662ec1be",
          "title": "Create and mark-unmark as favorite",
          "fullFile": "",
          "file": "",
          "beforeHooks": [],
          "afterHooks": [],
          "tests": [
            {
              "title": "Create a post",
              "fullTitle": "Create and mark-unmark as favorite Create a post",
              "timedOut": null,
              "duration": 315,
              "state": "failed",
              "speed": null,
              "pass": false,
              "fail": true,
              "pending": false,
              "context": null,
              "code": "cy.get('ul.navbar-nav').children().as('menu');\ncy.get('@menu').contains('New Post').click();\ncy.hash().should('include', '#/editor');\ncy.get('form').within(function ($form) {\n  cy.get('input').first().type('Test');\n  cy.get('input').eq(1).type('Test 1');\n  cy.get('textarea').last().type('Test 2');\n  cy.contains('Publish Article').click();\n});\ncy.url().should('include', 'article');",
              "err": {
                "message": "ReferenceError: baseUrl is not defined\n\nBecause this error occurred during a `before all` hook we are skipping the remaining tests in the current suite: `Create and mark-unmark as f...`",
                "estack": "ReferenceError: baseUrl is not defined\n\nBecause this error occurred during a `before all` hook we are skipping the remaining tests in the current suite: `Create and mark-unmark as f...`\n    at Context.eval (https://react-redux.realworld.io/__cypress/tests?p=cypress/support/index.js:611:12)",
                "diff": null
              },
              "uuid": "d2450c57-a634-403a-93e2-14340800e0f6",
              "parentUUID": "82ed3932-7b47-4f0b-9d4a-76c9662ec1be",
              "isHook": false,
              "skipped": false
            }
          ],
          "suites": [],
          "passes": [],
          "failures": [
            "d2450c57-a634-403a-93e2-14340800e0f6"
          ],
          "pending": [],
          "skipped": [],
          "duration": 315,
          "root": false,
          "rootEmpty": false,
          "_timeout": 2000
        }
      ],
      "passes": [],
      "failures": [],
      "pending": [],
      "skipped": [],
      "duration": 0,
      "root": true,
      "rootEmpty": true,
      "_timeout": 2000
    }
  ],
  "meta": {
    "mocha": {
      "version": "7.0.1"
    },
    "mochawesome": {
      "options": {
        "quiet": false,
        "reportFilename": "mochawesome",
        "saveHtml": false,
        "saveJson": true,
        "consoleReporter": "spec",
        "useInlineDiffs": false,
        "code": true
      },
      "version": "6.2.1"
    },
    "marge": {
      "options": {
        "id": "default",
        "reportDir": "cypress/reports/mocha",
        "quite": true,
        "overwrite": false,
        "html": false,
        "json": true
      },
      "version": "5.1.0"
    }
  }
}