{
  "stats": {
    "suites": 1,
    "tests": 1,
    "passes": 1,
    "pending": 0,
    "failures": 0,
    "start": "2020-12-26T15:16:09.303Z",
    "end": "2020-12-26T15:16:16.025Z",
    "duration": 6722,
    "testsRegistered": 1,
    "passPercent": 100,
    "pendingPercent": 0,
    "other": 0,
    "hasOther": false,
    "skipped": 0,
    "hasSkipped": false
  },
  "results": [
    {
      "uuid": "1659be65-28d6-4794-9fc6-a7fa49b2dda1",
      "title": "",
      "fullFile": "cypress/integration/examples/BasicURLComment.js",
      "file": "cypress/integration/examples/BasicURLComment.js",
      "beforeHooks": [],
      "afterHooks": [],
      "tests": [],
      "suites": [
        {
          "uuid": "8076a563-7900-4f03-a188-e6ecce278fde",
          "title": "Basic URL Commands",
          "fullFile": "",
          "file": "",
          "beforeHooks": [],
          "afterHooks": [],
          "tests": [
            {
              "title": "Checkout basic url commands",
              "fullTitle": "Basic URL Commands Checkout basic url commands",
              "timedOut": null,
              "duration": 6709,
              "state": "passed",
              "speed": "slow",
              "pass": true,
              "fail": false,
              "pending": false,
              "context": null,
              "code": "//go to URL\ncy.visit('https://react-redux.realworld.io/#/login'); //Sayfa title kontrol ediliyor....\ncy.title().should('eq', 'Conduit'); //Username ve password giriliyor ve Sign in butonuna tiklaniyor\ncy.get('input[placeholder=\"Email\"]').type('farukakyol3480@gmail.com');\ncy.get('input[placeholder=\"Password\"]').type('admin123');\ncy.get('button[type=\"Submit\"]').contains('Sign in').should('be.visible').click(); // sayfa url protocol https olmali kontrolu\ncy.location('protocol').should('eq', 'https:'); // bir element beklenen texti icerdiginin kontrolu\ncy.contains('Your Feed', {\n  timeout: 10000\n}).should('be.visible');\ncy.contains('Your Feed').should('be.visible'); //Gidilen url de #/ var mi kontrol edilir.\ncy.hash().should('include', '#/');\ncy.location('hash').should('include', '#/'); //cy.get('input[placeholder=\"Article Title\"]').type('Test')\ncy.url().should('include', '#/'); //cy.get('.nav-link').contains('Home Page').click()\n//sayfada ileri geri ve sayfayi yeniden yuklemek icin kullanilir\ncy.reload(); //cy.go('back')\n//cy.go('forward')\n//cy.go(-1)",
              "err": {},
              "uuid": "9fd23afe-cd64-4a70-8e51-0e99d12c24cc",
              "parentUUID": "8076a563-7900-4f03-a188-e6ecce278fde",
              "isHook": false,
              "skipped": false
            }
          ],
          "suites": [],
          "passes": [
            "9fd23afe-cd64-4a70-8e51-0e99d12c24cc"
          ],
          "failures": [],
          "pending": [],
          "skipped": [],
          "duration": 6709,
          "root": false,
          "rootEmpty": false,
          "_timeout": 2000
        }
      ],
      "passes": [],
      "failures": [],
      "pending": [],
      "skipped": [],
      "duration": 0,
      "root": true,
      "rootEmpty": true,
      "_timeout": 2000
    }
  ],
  "meta": {
    "mocha": {
      "version": "7.0.1"
    },
    "mochawesome": {
      "options": {
        "quiet": false,
        "reportFilename": "mochawesome",
        "saveHtml": false,
        "saveJson": true,
        "consoleReporter": "spec",
        "useInlineDiffs": false,
        "code": true
      },
      "version": "6.2.1"
    },
    "marge": {
      "options": {
        "id": "default",
        "reportDir": "cypress/reports/mocha",
        "quite": true,
        "overwrite": false,
        "html": false,
        "json": true
      },
      "version": "5.1.0"
    }
  }
}